[2025-11-24T10:07:44.123Z] 🚀 Cleanup task started
[2025-11-24T10:07:44.143Z] Deleted: C:\Users\LAKSHMIPATHY\Desktop\FInal_pdfworks\PDF-Works\server\uploads\temp\1763923012314-optimized-flat-lay-business-concept (1).jpg
[2025-11-24T10:07:44.146Z] Deleted: C:\Users\LAKSHMIPATHY\Desktop\FInal_pdfworks\PDF-Works\server\uploads\temp\1763955725672-invoice-ORDER_1763955443128_69234c9bd70fb9a7b86314f7.pdf
[2025-11-24T10:07:44.144Z] Deleted: C:\Users\LAKSHMIPATHY\Desktop\FInal_pdfworks\PDF-Works\server\uploads\temp\1763955481647-optimized-flat-lay-business-concept (1).jpg
[2025-11-24T10:07:44.147Z] Deleted: C:\Users\LAKSHMIPATHY\Desktop\FInal_pdfworks\PDF-Works\server\uploads\conversions\optimized-flat-lay-business-concept (1)_converted.pdf
[2025-11-24T10:07:44.147Z] Deleted: C:\Users\LAKSHMIPATHY\Desktop\FInal_pdfworks\PDF-Works\server\uploads\conversions\invoice-ORDER_1763955443128_69234c9bd70fb9a7b86314f7_converted.jpg
[2025-11-24T10:17:44.158Z] 🚀 Cleanup task started
[2025-11-24T10:27:44.174Z] 🚀 Cleanup task started
[2025-11-24T10:37:44.193Z] 🚀 Cleanup task started
[2025-11-24T10:47:44.167Z] 🚀 Cleanup task started
[2025-11-24T10:57:44.184Z] 🚀 Cleanup task started
[2025-11-24T11:07:44.199Z] 🚀 Cleanup task started
[2025-11-24T11:07:44.215Z] Deleted: C:\Users\LAKSHMIPATHY\Desktop\FInal_pdfworks\PDF-Works\server\uploads\conversions\optimized-optimized-flat-lay-business-concept_converted.pdf
[2025-11-24T11:07:44.215Z] Deleted: C:\Users\LAKSHMIPATHY\Desktop\FInal_pdfworks\PDF-Works\server\uploads\temp\1763978709402-optimized-optimized-flat-lay-business-concept.jpg
[2025-11-24T11:17:44.205Z] 🚀 Cleanup task started
[2025-11-24T11:27:44.219Z] 🚀 Cleanup task started
[2025-11-24T11:42:36.842Z] 🚀 Cleanup task started
[2025-11-24T11:52:36.840Z] 🚀 Cleanup task started
[2025-11-24T12:02:36.866Z] 🚀 Cleanup task started
[2025-11-24T12:12:36.860Z] 🚀 Cleanup task started
[2025-11-24T12:22:36.897Z] 🚀 Cleanup task started
[2025-11-24T12:34:46.837Z] 🚀 Cleanup task started
[2025-11-24T12:34:46.915Z] Deleted: C:\Users\LAKSHMIPATHY\Desktop\FInal_pdfworks\PDF-Works\server\uploads\security\security-1763984046056-291388094-encrypted-invoice-ORDER_1763959231052_6923d257e4d64746dd98843e (4).pdf.enc
[2025-11-24T12:34:46.917Z] Deleted: C:\Users\LAKSHMIPATHY\Desktop\FInal_pdfworks\PDF-Works\server\uploads\security\security-1763984072458-978343829-decrypted-encrypted_invoice-ORDER_1763959231052_6923d257e4d64746dd98843e (4).pdf
[2025-11-24T12:44:46.807Z] 🚀 Cleanup task started
[2025-11-24T12:54:46.803Z] 🚀 Cleanup task started
[2025-11-24T13:09:06.000Z] 🚀 Cleanup task started
[2025-11-24T13:19:05.952Z] 🚀 Cleanup task started
[2025-11-24T13:29:05.961Z] 🚀 Cleanup task started
[2025-11-24T13:39:05.964Z] 🚀 Cleanup task started
[2025-11-24T13:49:05.974Z] 🚀 Cleanup task started
[2025-11-24T13:59:05.983Z] 🚀 Cleanup task started
[2025-11-24T14:09:05.982Z] 🚀 Cleanup task started
[2025-11-24T14:19:05.991Z] 🚀 Cleanup task started
[2025-11-24T14:29:05.993Z] 🚀 Cleanup task started
[2025-11-24T14:39:06.017Z] 🚀 Cleanup task started
[2025-11-24T14:49:06.015Z] 🚀 Cleanup task started
[2025-11-24T14:59:06.018Z] 🚀 Cleanup task started
[2025-11-24T15:09:06.028Z] 🚀 Cleanup task started
[2025-11-24T15:19:06.041Z] 🚀 Cleanup task started
[2025-11-24T15:29:06.056Z] 🚀 Cleanup task started
[2025-11-24T15:42:26.642Z] 🚀 Cleanup task started
[2025-11-24T15:52:26.556Z] 🚀 Cleanup task started
[2025-11-24T16:02:26.595Z] 🚀 Cleanup task started
[2025-11-24T16:18:43.457Z] 🚀 Cleanup task started
[2025-11-25T03:57:23.236Z] 🚀 Cleanup task started
[2025-11-25T04:07:23.232Z] 🚀 Cleanup task started
[2025-11-25T04:17:23.242Z] 🚀 Cleanup task started
[2025-11-25T04:27:23.277Z] 🚀 Cleanup task started
[2025-11-25T04:37:23.276Z] 🚀 Cleanup task started
[2025-11-25T05:05:07.782Z] 🚀 Cleanup task started
[2025-11-25T05:15:07.767Z] 🚀 Cleanup task started
[2025-11-25T05:25:07.804Z] 🚀 Cleanup task started
[2025-11-25T05:25:07.888Z] ERROR deleting: C:\Users\LAKSHMIPATHY\Desktop\FInal_pdfworks\PDF-Works\server\uploads\sessions\edit_1764044377551_iydh1otny
[2025-11-25T05:35:07.822Z] 🚀 Cleanup task started
[2025-11-25T05:35:07.870Z] ERROR deleting: C:\Users\LAKSHMIPATHY\Desktop\FInal_pdfworks\PDF-Works\server\uploads\sessions\edit_1764044377551_iydh1otny
[2025-11-25T05:45:07.830Z] 🚀 Cleanup task started
[2025-11-25T05:45:07.852Z] ERROR deleting: C:\Users\LAKSHMIPATHY\Desktop\FInal_pdfworks\PDF-Works\server\uploads\sessions\edit_1764044377551_iydh1otny
[2025-11-25T05:55:07.837Z] 🚀 Cleanup task started
[2025-11-25T05:55:08.054Z] ERROR deleting: C:\Users\LAKSHMIPATHY\Desktop\FInal_pdfworks\PDF-Works\server\uploads\sessions\edit_1764044377551_iydh1otny
[2025-11-25T06:05:07.872Z] 🚀 Cleanup task started
[2025-11-25T06:05:07.917Z] ERROR deleting: C:\Users\LAKSHMIPATHY\Desktop\FInal_pdfworks\PDF-Works\server\uploads\sessions\edit_1764044377551_iydh1otny
[2025-11-25T06:15:07.843Z] 🚀 Cleanup task started
[2025-11-25T06:15:07.850Z] ERROR deleting: C:\Users\LAKSHMIPATHY\Desktop\FInal_pdfworks\PDF-Works\server\uploads\sessions\edit_1764044377551_iydh1otny
[2025-11-25T06:25:07.849Z] 🚀 Cleanup task started
[2025-11-25T06:25:07.860Z] ERROR deleting: C:\Users\LAKSHMIPATHY\Desktop\FInal_pdfworks\PDF-Works\server\uploads\sessions\edit_1764044377551_iydh1otny
[2025-11-25T06:35:07.884Z] 🚀 Cleanup task started
[2025-11-25T06:35:07.915Z] ERROR deleting: C:\Users\LAKSHMIPATHY\Desktop\FInal_pdfworks\PDF-Works\server\uploads\sessions\edit_1764044377551_iydh1otny
[2025-11-25T06:45:07.869Z] 🚀 Cleanup task started
[2025-11-25T06:45:07.878Z] ERROR deleting: C:\Users\LAKSHMIPATHY\Desktop\FInal_pdfworks\PDF-Works\server\uploads\sessions\edit_1764044377551_iydh1otny
[2025-11-25T06:59:13.111Z] 🚀 Cleanup task started
[2025-11-25T06:59:13.138Z] ERROR deleting: C:\Users\LAKSHMIPATHY\Desktop\FInal_pdfworks\PDF-Works\server\uploads\sessions\edit_1764044377551_iydh1otny
[2025-11-25T07:09:13.102Z] 🚀 Cleanup task started
[2025-11-25T07:09:13.122Z] ERROR deleting: C:\Users\LAKSHMIPATHY\Desktop\FInal_pdfworks\PDF-Works\server\uploads\sessions\edit_1764044377551_iydh1otny
[2025-11-25T07:19:13.217Z] 🚀 Cleanup task started
[2025-11-25T07:19:13.250Z] ERROR deleting: C:\Users\LAKSHMIPATHY\Desktop\FInal_pdfworks\PDF-Works\server\uploads\sessions\edit_1764044377551_iydh1otny
[2025-11-25T08:58:46.815Z] 🚀 Cleanup task started
[2025-11-25T08:58:46.828Z] ERROR deleting: C:\Users\LAKSHMIPATHY\Desktop\FInal_pdfworks\PDF-Works\server\uploads\sessions\edit_1764044377551_iydh1otny
[2025-11-25T09:08:46.821Z] 🚀 Cleanup task started
[2025-11-25T09:08:46.831Z] ERROR deleting: C:\Users\LAKSHMIPATHY\Desktop\FInal_pdfworks\PDF-Works\server\uploads\sessions\edit_1764044377551_iydh1otny
[2025-11-25T09:18:46.828Z] 🚀 Cleanup task started
[2025-11-25T09:18:46.832Z] ERROR deleting: C:\Users\LAKSHMIPATHY\Desktop\FInal_pdfworks\PDF-Works\server\uploads\sessions\edit_1764044377551_iydh1otny
[2025-11-25T09:28:46.861Z] 🚀 Cleanup task started
[2025-11-25T09:28:46.888Z] ERROR deleting: C:\Users\LAKSHMIPATHY\Desktop\FInal_pdfworks\PDF-Works\server\uploads\sessions\edit_1764044377551_iydh1otny
[2025-11-25T09:38:46.858Z] 🚀 Cleanup task started
[2025-11-25T09:38:46.894Z] ERROR deleting: C:\Users\LAKSHMIPATHY\Desktop\FInal_pdfworks\PDF-Works\server\uploads\sessions\edit_1764044377551_iydh1otny
[2025-11-25T09:56:57.024Z] 🚀 Cleanup task started
[2025-11-25T09:56:57.093Z] ERROR deleting: C:\Users\LAKSHMIPATHY\Desktop\FInal_pdfworks\PDF-Works\server\uploads\sessions\edit_1764044377551_iydh1otny
[2025-11-25T10:18:00.643Z] 🚀 Cleanup task started
[2025-11-25T10:18:00.681Z] ERROR deleting: C:\Users\LAKSHMIPATHY\Desktop\FInal_pdfworks\PDF-Works\server\uploads\sessions\edit_1764044377551_iydh1otny
[2025-11-25T10:28:00.639Z] 🚀 Cleanup task started
[2025-11-25T10:28:00.647Z] ERROR deleting: C:\Users\LAKSHMIPATHY\Desktop\FInal_pdfworks\PDF-Works\server\uploads\sessions\edit_1764044377551_iydh1otny
[2025-11-25T10:38:00.641Z] 🚀 Cleanup task started
[2025-11-25T10:38:00.646Z] ERROR deleting: C:\Users\LAKSHMIPATHY\Desktop\FInal_pdfworks\PDF-Works\server\uploads\sessions\edit_1764044377551_iydh1otny
[2025-11-25T10:48:00.641Z] 🚀 Cleanup task started
[2025-11-25T10:48:00.646Z] ERROR deleting: C:\Users\LAKSHMIPATHY\Desktop\FInal_pdfworks\PDF-Works\server\uploads\sessions\edit_1764044377551_iydh1otny
[2025-11-25T10:58:00.651Z] 🚀 Cleanup task started
[2025-11-25T10:58:00.674Z] ERROR deleting: C:\Users\LAKSHMIPATHY\Desktop\FInal_pdfworks\PDF-Works\server\uploads\sessions\edit_1764044377551_iydh1otny
[2025-11-25T11:08:00.691Z] 🚀 Cleanup task started
[2025-11-25T11:08:00.724Z] ERROR deleting: C:\Users\LAKSHMIPATHY\Desktop\FInal_pdfworks\PDF-Works\server\uploads\sessions\edit_1764044377551_iydh1otny
[2025-11-25T11:18:00.671Z] 🚀 Cleanup task started
[2025-11-25T11:18:00.687Z] ERROR deleting: C:\Users\LAKSHMIPATHY\Desktop\FInal_pdfworks\PDF-Works\server\uploads\sessions\edit_1764044377551_iydh1otny
[2025-11-25T11:28:00.698Z] 🚀 Cleanup task started
[2025-11-25T11:28:00.736Z] ERROR deleting: C:\Users\LAKSHMIPATHY\Desktop\FInal_pdfworks\PDF-Works\server\uploads\sessions\edit_1764044377551_iydh1otny
[2025-11-25T11:47:22.711Z] 🚀 Cleanup task started
[2025-11-25T11:47:22.719Z] ERROR deleting: C:\Users\LAKSHMIPATHY\Desktop\FInal_pdfworks\PDF-Works\server\uploads\sessions\edit_1764044377551_iydh1otny
[2025-11-25T11:57:22.725Z] 🚀 Cleanup task started
[2025-11-25T11:57:22.748Z] ERROR deleting: C:\Users\LAKSHMIPATHY\Desktop\FInal_pdfworks\PDF-Works\server\uploads\sessions\edit_1764044377551_iydh1otny
[2025-11-25T12:07:22.777Z] 🚀 Cleanup task started
[2025-11-25T12:07:22.836Z] ERROR deleting: C:\Users\LAKSHMIPATHY\Desktop\FInal_pdfworks\PDF-Works\server\uploads\sessions\edit_1764044377551_iydh1otny
[2025-11-25T12:17:22.778Z] 🚀 Cleanup task started
[2025-11-25T12:17:22.816Z] ERROR deleting: C:\Users\LAKSHMIPATHY\Desktop\FInal_pdfworks\PDF-Works\server\uploads\sessions\edit_1764044377551_iydh1otny
[2025-11-25T12:27:22.765Z] 🚀 Cleanup task started
[2025-11-25T12:27:22.780Z] ERROR deleting: C:\Users\LAKSHMIPATHY\Desktop\FInal_pdfworks\PDF-Works\server\uploads\sessions\edit_1764044377551_iydh1otny
